

Started GET "/" for 127.0.0.1 at 2014-10-18 14:51:22 -0400

ActiveRecord::PendingMigrationError (

Migrations are pending. To resolve this issue, run:

	bin/rake db:migrate RAILS_ENV=development

):
  activerecord (4.1.5) lib/active_record/migration.rb:389:in `check_pending!'
  activerecord (4.1.5) lib/active_record/migration.rb:377:in `call'
  actionpack (4.1.5) lib/action_dispatch/middleware/callbacks.rb:29:in `block in call'
  activesupport (4.1.5) lib/active_support/callbacks.rb:82:in `run_callbacks'
  actionpack (4.1.5) lib/action_dispatch/middleware/callbacks.rb:27:in `call'
  actionpack (4.1.5) lib/action_dispatch/middleware/reloader.rb:73:in `call'
  actionpack (4.1.5) lib/action_dispatch/middleware/remote_ip.rb:76:in `call'
  actionpack (4.1.5) lib/action_dispatch/middleware/debug_exceptions.rb:17:in `call'
  actionpack (4.1.5) lib/action_dispatch/middleware/show_exceptions.rb:30:in `call'
  railties (4.1.5) lib/rails/rack/logger.rb:38:in `call_app'
  railties (4.1.5) lib/rails/rack/logger.rb:20:in `block in call'
  activesupport (4.1.5) lib/active_support/tagged_logging.rb:68:in `block in tagged'
  activesupport (4.1.5) lib/active_support/tagged_logging.rb:26:in `tagged'
  activesupport (4.1.5) lib/active_support/tagged_logging.rb:68:in `tagged'
  railties (4.1.5) lib/rails/rack/logger.rb:20:in `call'
  actionpack (4.1.5) lib/action_dispatch/middleware/request_id.rb:21:in `call'
  rack (1.5.2) lib/rack/methodoverride.rb:21:in `call'
  rack (1.5.2) lib/rack/runtime.rb:17:in `call'
  activesupport (4.1.5) lib/active_support/cache/strategy/local_cache_middleware.rb:26:in `call'
  rack (1.5.2) lib/rack/lock.rb:17:in `call'
  actionpack (4.1.5) lib/action_dispatch/middleware/static.rb:64:in `call'
  rack (1.5.2) lib/rack/sendfile.rb:112:in `call'
  railties (4.1.5) lib/rails/engine.rb:514:in `call'
  railties (4.1.5) lib/rails/application.rb:144:in `call'
  rack (1.5.2) lib/rack/lock.rb:17:in `call'
  rack (1.5.2) lib/rack/content_length.rb:14:in `call'
  rack (1.5.2) lib/rack/handler/webrick.rb:60:in `service'
  /Users/Iris/.rvm/rubies/ruby-2.1.2/lib/ruby/2.1.0/webrick/httpserver.rb:138:in `service'
  /Users/Iris/.rvm/rubies/ruby-2.1.2/lib/ruby/2.1.0/webrick/httpserver.rb:94:in `run'
  /Users/Iris/.rvm/rubies/ruby-2.1.2/lib/ruby/2.1.0/webrick/server.rb:295:in `block in start_thread'


  Rendered /Users/Iris/.rvm/gems/ruby-2.1.2/gems/actionpack-4.1.5/lib/action_dispatch/middleware/templates/rescues/_source.erb (0.6ms)
  Rendered /Users/Iris/.rvm/gems/ruby-2.1.2/gems/actionpack-4.1.5/lib/action_dispatch/middleware/templates/rescues/_trace.html.erb (1.4ms)
  Rendered /Users/Iris/.rvm/gems/ruby-2.1.2/gems/actionpack-4.1.5/lib/action_dispatch/middleware/templates/rescues/_request_and_response.html.erb (0.8ms)
  Rendered /Users/Iris/.rvm/gems/ruby-2.1.2/gems/actionpack-4.1.5/lib/action_dispatch/middleware/templates/rescues/diagnostics.erb within rescues/layout (19.6ms)
  [1m[36m (0.9ms)[0m  [1mCREATE TABLE "schema_migrations" ("version" varchar(255) NOT NULL) [0m
  [1m[35m (0.8ms)[0m  select sqlite_version(*)
  [1m[36m (0.8ms)[0m  [1mCREATE UNIQUE INDEX "unique_schema_migrations" ON "schema_migrations" ("version")[0m
  [1m[35mActiveRecord::SchemaMigration Load (0.1ms)[0m  SELECT "schema_migrations".* FROM "schema_migrations"
Migrating to DeviseCreateUsers (20140823043841)
  [1m[36m (0.1ms)[0m  [1mbegin transaction[0m
  [1m[35m (0.4ms)[0m  CREATE TABLE "users" ("id" INTEGER PRIMARY KEY AUTOINCREMENT NOT NULL, "email" varchar(255) DEFAULT '' NOT NULL, "encrypted_password" varchar(255) DEFAULT '' NOT NULL, "reset_password_token" varchar(255), "reset_password_sent_at" datetime, "remember_created_at" datetime, "sign_in_count" integer DEFAULT 0 NOT NULL, "current_sign_in_at" datetime, "last_sign_in_at" datetime, "current_sign_in_ip" varchar(255), "last_sign_in_ip" varchar(255), "created_at" datetime, "updated_at" datetime) 
  [1m[36m (0.6ms)[0m  [1mCREATE UNIQUE INDEX "index_users_on_email" ON "users" ("email")[0m
  [1m[35m (0.1ms)[0m              SELECT sql
            FROM sqlite_master
            WHERE name='index_users_on_email' AND type='index'
            UNION ALL
            SELECT sql
            FROM sqlite_temp_master
            WHERE name='index_users_on_email' AND type='index'

  [1m[36m (0.1ms)[0m  [1mCREATE UNIQUE INDEX "index_users_on_reset_password_token" ON "users" ("reset_password_token")[0m
  [1m[35mSQL (0.1ms)[0m  INSERT INTO "schema_migrations" ("version") VALUES (?)  [["version", "20140823043841"]]
  [1m[36m (0.7ms)[0m  [1mcommit transaction[0m
  [1m[35mActiveRecord::SchemaMigration Load (0.1ms)[0m  SELECT "schema_migrations".* FROM "schema_migrations"
  [1m[36m (0.1ms)[0m  [1m            SELECT sql
            FROM sqlite_master
            WHERE name='index_users_on_reset_password_token' AND type='index'
            UNION ALL
            SELECT sql
            FROM sqlite_temp_master
            WHERE name='index_users_on_reset_password_token' AND type='index'
[0m
  [1m[35m (0.1ms)[0m              SELECT sql
            FROM sqlite_master
            WHERE name='index_users_on_email' AND type='index'
            UNION ALL
            SELECT sql
            FROM sqlite_temp_master
            WHERE name='index_users_on_email' AND type='index'



Started GET "/" for 127.0.0.1 at 2014-10-18 14:51:53 -0400
  [1m[36mActiveRecord::SchemaMigration Load (0.4ms)[0m  [1mSELECT "schema_migrations".* FROM "schema_migrations"[0m
Processing by PagesController#home as HTML
  Rendered pages/home.html.erb within layouts/application (7.9ms)
  Rendered layouts/_header.html (0.9ms)
Completed 200 OK in 1907ms (Views: 1897.6ms | ActiveRecord: 0.0ms)


Started GET "/assets/jquery.js?body=1" for 127.0.0.1 at 2014-10-18 14:51:55 -0400


Started GET "/assets/application.css?body=1" for 127.0.0.1 at 2014-10-18 14:51:55 -0400


Started GET "/assets/pages.css?body=1" for 127.0.0.1 at 2014-10-18 14:51:55 -0400


Started GET "/assets/bootstrap_customized.css.css?body=1" for 127.0.0.1 at 2014-10-18 14:51:55 -0400


Started GET "/assets/jquery_ujs.js?body=1" for 127.0.0.1 at 2014-10-18 14:51:55 -0400


Started GET "/assets/bootstrap.js?body=1" for 127.0.0.1 at 2014-10-18 14:51:55 -0400


Started GET "/assets/turbolinks.js?body=1" for 127.0.0.1 at 2014-10-18 14:51:55 -0400


Started GET "/assets/pages.js?body=1" for 127.0.0.1 at 2014-10-18 14:51:55 -0400


Started GET "/assets/application.js?body=1" for 127.0.0.1 at 2014-10-18 14:51:55 -0400


Started GET "/users/sign_in" for 127.0.0.1 at 2014-10-18 14:52:14 -0400
Processing by Devise::SessionsController#new as HTML
  Rendered devise/shared/_links.erb (1.1ms)
  Rendered devise/sessions/new.html.erb within layouts/application (28.7ms)
  Rendered layouts/_header.html (0.3ms)
Completed 200 OK in 49ms (Views: 35.5ms | ActiveRecord: 0.8ms)


Started POST "/users/sign_in" for 127.0.0.1 at 2014-10-18 14:52:20 -0400
Processing by Devise::SessionsController#create as HTML
  Parameters: {"utf8"=>"✓", "authenticity_token"=>"cnJV2EqUKneGFfqlO4VHo0WBpbDhapfaaLLUt6fcR0w=", "user"=>{"email"=>"irisyuan@nyu.edu", "password"=>"[FILTERED]", "remember_me"=>"0"}, "commit"=>"Sign in"}
  [1m[35mUser Load (0.2ms)[0m  SELECT  "users".* FROM "users"  WHERE "users"."email" = 'irisyuan@nyu.edu'  ORDER BY "users"."id" ASC LIMIT 1
Completed 401 Unauthorized in 7ms
Processing by Devise::SessionsController#new as HTML
  Parameters: {"utf8"=>"✓", "authenticity_token"=>"cnJV2EqUKneGFfqlO4VHo0WBpbDhapfaaLLUt6fcR0w=", "user"=>{"email"=>"irisyuan@nyu.edu", "password"=>"[FILTERED]", "remember_me"=>"0"}, "commit"=>"Sign in"}
  Rendered devise/shared/_links.erb (0.3ms)
  Rendered devise/sessions/new.html.erb within layouts/application (2.5ms)
  Rendered layouts/_header.html (0.2ms)
Completed 200 OK in 78ms (Views: 8.9ms | ActiveRecord: 0.0ms)


Started POST "/users/sign_in" for 127.0.0.1 at 2014-10-18 14:52:23 -0400
Processing by Devise::SessionsController#create as HTML
  Parameters: {"utf8"=>"✓", "authenticity_token"=>"cnJV2EqUKneGFfqlO4VHo0WBpbDhapfaaLLUt6fcR0w=", "user"=>{"email"=>"irisyuan@nyu.edu", "password"=>"[FILTERED]", "remember_me"=>"0"}, "commit"=>"Sign in"}
  [1m[36mUser Load (0.1ms)[0m  [1mSELECT  "users".* FROM "users"  WHERE "users"."email" = 'irisyuan@nyu.edu'  ORDER BY "users"."id" ASC LIMIT 1[0m
Completed 401 Unauthorized in 1ms
Processing by Devise::SessionsController#new as HTML
  Parameters: {"utf8"=>"✓", "authenticity_token"=>"cnJV2EqUKneGFfqlO4VHo0WBpbDhapfaaLLUt6fcR0w=", "user"=>{"email"=>"irisyuan@nyu.edu", "password"=>"[FILTERED]", "remember_me"=>"0"}, "commit"=>"Sign in"}
  Rendered devise/shared/_links.erb (0.3ms)
  Rendered devise/sessions/new.html.erb within layouts/application (2.3ms)
  Rendered layouts/_header.html (0.2ms)
Completed 200 OK in 82ms (Views: 10.2ms | ActiveRecord: 0.0ms)


Started POST "/users/sign_in" for 127.0.0.1 at 2014-10-18 14:52:28 -0400
Processing by Devise::SessionsController#create as HTML
  Parameters: {"utf8"=>"✓", "authenticity_token"=>"cnJV2EqUKneGFfqlO4VHo0WBpbDhapfaaLLUt6fcR0w=", "user"=>{"email"=>"irisyuan@nyu.edu", "password"=>"[FILTERED]", "remember_me"=>"0"}, "commit"=>"Sign in"}
  [1m[35mUser Load (0.2ms)[0m  SELECT  "users".* FROM "users"  WHERE "users"."email" = 'irisyuan@nyu.edu'  ORDER BY "users"."id" ASC LIMIT 1
Completed 401 Unauthorized in 2ms
Processing by Devise::SessionsController#new as HTML
  Parameters: {"utf8"=>"✓", "authenticity_token"=>"cnJV2EqUKneGFfqlO4VHo0WBpbDhapfaaLLUt6fcR0w=", "user"=>{"email"=>"irisyuan@nyu.edu", "password"=>"[FILTERED]", "remember_me"=>"0"}, "commit"=>"Sign in"}
  Rendered devise/shared/_links.erb (0.3ms)
  Rendered devise/sessions/new.html.erb within layouts/application (2.5ms)
  Rendered layouts/_header.html (0.2ms)
Completed 200 OK in 81ms (Views: 9.5ms | ActiveRecord: 0.0ms)


Started GET "/users/sign_in" for 127.0.0.1 at 2014-10-18 14:52:30 -0400
Processing by Devise::SessionsController#new as HTML
  Rendered devise/shared/_links.erb (1.6ms)
  Rendered devise/sessions/new.html.erb within layouts/application (6.8ms)
  Rendered layouts/_header.html (0.4ms)
Completed 200 OK in 22ms (Views: 21.0ms | ActiveRecord: 0.0ms)


Started GET "/about" for 127.0.0.1 at 2014-10-18 14:52:31 -0400
Processing by PagesController#about as HTML
  Rendered pages/about.html.erb within layouts/application (0.8ms)
  Rendered layouts/_header.html (2.2ms)
Completed 200 OK in 19ms (Views: 18.2ms | ActiveRecord: 0.0ms)


Started GET "/users/sign_in" for 127.0.0.1 at 2014-10-18 14:52:34 -0400
Processing by Devise::SessionsController#new as HTML
  Rendered devise/shared/_links.erb (0.5ms)
  Rendered devise/sessions/new.html.erb within layouts/application (3.0ms)
  Rendered layouts/_header.html (0.4ms)
Completed 200 OK in 14ms (Views: 12.1ms | ActiveRecord: 0.0ms)


Started GET "/about" for 127.0.0.1 at 2014-10-18 14:52:35 -0400
Processing by PagesController#about as HTML
  Rendered pages/about.html.erb within layouts/application (0.1ms)
  Rendered layouts/_header.html (3.4ms)
Completed 200 OK in 19ms (Views: 18.1ms | ActiveRecord: 0.0ms)


Started GET "/users/sign_in" for 127.0.0.1 at 2014-10-18 14:52:37 -0400
Processing by Devise::SessionsController#new as HTML
  Rendered devise/shared/_links.erb (0.4ms)
  Rendered devise/sessions/new.html.erb within layouts/application (5.3ms)
  Rendered layouts/_header.html (0.5ms)
Completed 200 OK in 16ms (Views: 14.7ms | ActiveRecord: 0.0ms)


Started GET "/about" for 127.0.0.1 at 2014-10-18 14:52:38 -0400
Processing by PagesController#about as HTML
  Rendered pages/about.html.erb within layouts/application (0.1ms)
  Rendered layouts/_header.html (0.8ms)
Completed 200 OK in 23ms (Views: 22.6ms | ActiveRecord: 0.0ms)


Started GET "/about" for 127.0.0.1 at 2014-10-18 14:53:05 -0400
Processing by PagesController#about as HTML
  Rendered pages/about.html.erb within layouts/application (0.4ms)
  Rendered layouts/_header.html (0.4ms)
Completed 200 OK in 7ms (Views: 6.2ms | ActiveRecord: 0.0ms)


Started GET "/assets/bootstrap_customized.css.css?body=1" for 127.0.0.1 at 2014-10-18 14:53:05 -0400


Started GET "/assets/application.css?body=1" for 127.0.0.1 at 2014-10-18 14:53:05 -0400


Started GET "/assets/pages.css?body=1" for 127.0.0.1 at 2014-10-18 14:53:05 -0400


Started GET "/assets/jquery_ujs.js?body=1" for 127.0.0.1 at 2014-10-18 14:53:05 -0400


Started GET "/assets/jquery.js?body=1" for 127.0.0.1 at 2014-10-18 14:53:05 -0400


Started GET "/assets/bootstrap.js?body=1" for 127.0.0.1 at 2014-10-18 14:53:05 -0400


Started GET "/assets/turbolinks.js?body=1" for 127.0.0.1 at 2014-10-18 14:53:05 -0400


Started GET "/assets/application.js?body=1" for 127.0.0.1 at 2014-10-18 14:53:05 -0400


Started GET "/assets/pages.js?body=1" for 127.0.0.1 at 2014-10-18 14:53:05 -0400


Started GET "/about" for 127.0.0.1 at 2014-10-18 14:53:12 -0400
  [1m[36mActiveRecord::SchemaMigration Load (0.1ms)[0m  [1mSELECT "schema_migrations".* FROM "schema_migrations"[0m
Processing by PagesController#about as HTML
  Rendered pages/about.html.erb within layouts/application (0.9ms)
  Rendered layouts/_header.html (3.7ms)
Completed 200 OK in 52ms (Views: 44.0ms | ActiveRecord: 0.0ms)


Started GET "/about" for 127.0.0.1 at 2014-10-18 14:53:14 -0400
Processing by PagesController#about as HTML
  Rendered pages/about.html.erb within layouts/application (0.1ms)
  Rendered layouts/_header.html (0.3ms)
Completed 200 OK in 8ms (Views: 6.9ms | ActiveRecord: 0.0ms)


Started GET "/" for 127.0.0.1 at 2014-10-18 14:55:43 -0400
  [1m[36mActiveRecord::SchemaMigration Load (0.1ms)[0m  [1mSELECT "schema_migrations".* FROM "schema_migrations"[0m
Processing by PagesController#home as HTML
  Rendered pages/home.html.erb within layouts/application (4.8ms)
  Rendered layouts/_header.html (1.0ms)
Completed 200 OK in 63ms (Views: 52.4ms | ActiveRecord: 0.0ms)


Started GET "/assets/pages.css?body=1" for 127.0.0.1 at 2014-10-18 14:55:43 -0400


Started GET "/assets/bootstrap.js?body=1" for 127.0.0.1 at 2014-10-18 14:55:43 -0400


Started GET "/assets/bootstrap_customized.css.css?body=1" for 127.0.0.1 at 2014-10-18 14:55:43 -0400


Started GET "/assets/jquery.js?body=1" for 127.0.0.1 at 2014-10-18 14:55:43 -0400


Started GET "/assets/application.css?body=1" for 127.0.0.1 at 2014-10-18 14:55:43 -0400


Started GET "/assets/jquery_ujs.js?body=1" for 127.0.0.1 at 2014-10-18 14:55:43 -0400


Started GET "/assets/turbolinks.js?body=1" for 127.0.0.1 at 2014-10-18 14:55:43 -0400


Started GET "/assets/pages.js?body=1" for 127.0.0.1 at 2014-10-18 14:55:43 -0400


Started GET "/assets/application.js?body=1" for 127.0.0.1 at 2014-10-18 14:55:43 -0400


Started GET "/" for 127.0.0.1 at 2014-10-18 14:56:31 -0400
Processing by PagesController#home as HTML
  Rendered pages/home.html.erb within layouts/application (0.5ms)
  Rendered layouts/_header.html (0.7ms)
Completed 200 OK in 9ms (Views: 8.5ms | ActiveRecord: 0.0ms)


Started GET "/assets/pages.css?body=1" for 127.0.0.1 at 2014-10-18 14:56:31 -0400


Started GET "/assets/jquery.js?body=1" for 127.0.0.1 at 2014-10-18 14:56:31 -0400


Started GET "/assets/jquery_ujs.js?body=1" for 127.0.0.1 at 2014-10-18 14:56:32 -0400


Started GET "/assets/turbolinks.js?body=1" for 127.0.0.1 at 2014-10-18 14:56:32 -0400


Started GET "/assets/bootstrap_customized.css.css?body=1" for 127.0.0.1 at 2014-10-18 14:56:32 -0400


Started GET "/assets/bootstrap.js?body=1" for 127.0.0.1 at 2014-10-18 14:56:32 -0400


Started GET "/assets/application.css?body=1" for 127.0.0.1 at 2014-10-18 14:56:32 -0400


Started GET "/assets/pages.js?body=1" for 127.0.0.1 at 2014-10-18 14:56:32 -0400


Started GET "/assets/application.js?body=1" for 127.0.0.1 at 2014-10-18 14:56:32 -0400


Started GET "/about" for 127.0.0.1 at 2014-10-18 14:56:41 -0400
Processing by PagesController#about as HTML
  Rendered pages/about.html.erb within layouts/application (0.5ms)
  Rendered layouts/_header.html (0.7ms)
Completed 200 OK in 11ms (Views: 10.0ms | ActiveRecord: 0.0ms)


Started GET "/about" for 127.0.0.1 at 2014-10-18 14:57:06 -0400
Processing by PagesController#about as HTML
  Rendered pages/about.html.erb within layouts/application (0.0ms)
  Rendered layouts/_header.html (0.9ms)
Completed 200 OK in 7ms (Views: 6.4ms | ActiveRecord: 0.0ms)


Started GET "/assets/application.css?body=1" for 127.0.0.1 at 2014-10-18 14:57:06 -0400


Started GET "/assets/pages.css?body=1" for 127.0.0.1 at 2014-10-18 14:57:06 -0400


Started GET "/assets/bootstrap_customized.css.css?body=1" for 127.0.0.1 at 2014-10-18 14:57:06 -0400


Started GET "/assets/jquery.js?body=1" for 127.0.0.1 at 2014-10-18 14:57:06 -0400


Started GET "/assets/jquery_ujs.js?body=1" for 127.0.0.1 at 2014-10-18 14:57:06 -0400


Started GET "/assets/bootstrap.js?body=1" for 127.0.0.1 at 2014-10-18 14:57:06 -0400


Started GET "/assets/turbolinks.js?body=1" for 127.0.0.1 at 2014-10-18 14:57:06 -0400


Started GET "/assets/pages.js?body=1" for 127.0.0.1 at 2014-10-18 14:57:06 -0400


Started GET "/assets/application.js?body=1" for 127.0.0.1 at 2014-10-18 14:57:06 -0400


Started GET "/users/sign_up" for 127.0.0.1 at 2014-10-18 14:57:10 -0400
Processing by Devise::RegistrationsController#new as HTML
  Rendered devise/shared/_links.erb (1.0ms)
  Rendered devise/registrations/new.html.erb within layouts/application (26.1ms)
  Rendered layouts/_header.html (0.3ms)
Completed 200 OK in 35ms (Views: 32.6ms | ActiveRecord: 0.3ms)


Started GET "/users/sign_in" for 127.0.0.1 at 2014-10-18 14:57:11 -0400
Processing by Devise::SessionsController#new as HTML
  Rendered devise/shared/_links.erb (0.6ms)
  Rendered devise/sessions/new.html.erb within layouts/application (6.7ms)
  Rendered layouts/_header.html (0.8ms)
Completed 200 OK in 27ms (Views: 22.7ms | ActiveRecord: 0.0ms)
